<?xml version="1.0" encoding="UTF-8"?>
<!-- Generated by org.testng.reporters.JUnitReportReporter -->
<testsuite hostname="DESKTOP-ROMM88M" failures="0" tests="1" name="com.test.testRunner.TestRunner" time="9.628" errors="0" timestamp="04 Jul 2020 03:29:44 GMT" skipped="0">
  <testcase classname="com.test.testRunner.TestRunner" name="feature" time="9.628"/>
</testsuite> <!-- com.test.testRunner.TestRunner -->
