<?xml version="1.0" encoding="UTF-8"?>
<!-- Generated by org.testng.reporters.JUnitReportReporter -->
<testsuite hostname="DESKTOP-ROMM88M" failures="0" tests="1" name="com.test.testRunner.TestRunner" time="9.178" errors="0" timestamp="25 Jun 2020 03:33:47 GMT" skipped="0">
  <testcase classname="com.test.testRunner.TestRunner" name="feature" time="9.178"/>
</testsuite> <!-- com.test.testRunner.TestRunner -->
