<?xml version="1.0" encoding="UTF-8"?>
<!-- Generated by org.testng.reporters.JUnitReportReporter -->
<testsuite hostname="DESKTOP-ROMM88M" failures="0" tests="1" name="com.test.testRunner.TestRunner" time="11.260" errors="0" timestamp="19 Jun 2020 22:00:42 GMT" skipped="0">
  <testcase classname="com.test.testRunner.TestRunner" name="feature" time="11.260"/>
</testsuite> <!-- com.test.testRunner.TestRunner -->
